0 info it worked if it ends with ok
1 verbose cli [ '/Applications/Atom.app/Contents/Resources/app/apm/bin/node',
1 verbose cli   '/Applications/Atom.app/Contents/Resources/app/apm/node_modules/npm/bin/npm-cli.js',
1 verbose cli   '--globalconfig',
1 verbose cli   '/Users/florianbreisch/.atom/.apm/.apmrc',
1 verbose cli   '--userconfig',
1 verbose cli   '/Users/florianbreisch/.atom/.apmrc',
1 verbose cli   'install',
1 verbose cli   '--runtime=electron',
1 verbose cli   '--target=1.7.15',
1 verbose cli   '--arch=x64' ]
2 info using npm@3.10.10
3 info using node@v6.9.5
4 silly loadCurrentTree Starting
5 silly install loadCurrentTree
6 silly install readLocalPackageData
7 silly install normalizeTree
8 silly loadCurrentTree Finishing
9 silly loadIdealTree Starting
10 silly install loadIdealTree
11 silly cloneCurrentTree Starting
12 silly install cloneCurrentTreeToIdealTree
13 silly cloneCurrentTree Finishing
14 silly loadShrinkwrap Starting
15 silly install loadShrinkwrap
16 silly loadShrinkwrap Finishing
17 silly loadAllDepsIntoIdealTree Starting
18 silly install loadAllDepsIntoIdealTree
19 silly fetchNamedPackageData printen
20 silly mapToRegistry name printen
21 silly mapToRegistry using default registry
22 silly mapToRegistry registry https://registry.npmjs.org/
23 silly mapToRegistry data Result {
23 silly mapToRegistry   raw: 'printen',
23 silly mapToRegistry   scope: null,
23 silly mapToRegistry   escapedName: 'printen',
23 silly mapToRegistry   name: 'printen',
23 silly mapToRegistry   rawSpec: '',
23 silly mapToRegistry   spec: 'latest',
23 silly mapToRegistry   type: 'tag' }
24 silly mapToRegistry uri https://registry.npmjs.org/printen
25 verbose request uri https://registry.npmjs.org/printen
26 verbose request no auth needed
27 info attempt registry request try #1 at 18:39:50
28 verbose request id 2c1b47a3e591169d
29 verbose etag "5a5f6df6-200d"
30 verbose lastModified Wed, 17 Jan 2018 15:38:30 GMT
31 http request GET https://registry.npmjs.org/printen
32 info retry will retry, error on last attempt: Error: Hostname/IP doesn't match certificate's altnames: "Host: registry.npmjs.org. is not in the cert's altnames: DNS:www.ombord.info"
33 info attempt registry request try #2 at 18:40:01
34 verbose etag "5a5f6df6-200d"
35 verbose lastModified Wed, 17 Jan 2018 15:38:30 GMT
36 http request GET https://registry.npmjs.org/printen
37 info retry will retry, error on last attempt: Error: Hostname/IP doesn't match certificate's altnames: "Host: registry.npmjs.org. is not in the cert's altnames: DNS:www.ombord.info"
38 info attempt registry request try #3 at 18:41:01
39 verbose etag "5a5f6df6-200d"
40 verbose lastModified Wed, 17 Jan 2018 15:38:30 GMT
41 http request GET https://registry.npmjs.org/printen
42 silly get cb [ 304, undefined ]
43 verbose etag https://registry.npmjs.org/printen from cache
44 verbose get saving printen to /Users/florianbreisch/.atom/.apm/registry.npmjs.org/printen/.cache.json
45 verbose correctMkdir /Users/florianbreisch/.atom/.apm correctMkdir not in flight; initializing
46 silly resolveWithNewModule printen@1.0.1-0 checking installable status
47 silly cache add args [ 'printen@1.0.1-0', null ]
48 verbose cache add spec printen@1.0.1-0
49 silly cache add parsed spec Result {
49 silly cache add   raw: 'printen@1.0.1-0',
49 silly cache add   scope: null,
49 silly cache add   escapedName: 'printen',
49 silly cache add   name: 'printen',
49 silly cache add   rawSpec: '1.0.1-0',
49 silly cache add   spec: '1.0.1-0',
49 silly cache add   type: 'version' }
50 silly addNamed printen@1.0.1-0
51 verbose addNamed "1.0.1-0" is a plain semver version for printen
52 silly mapToRegistry name printen
53 silly mapToRegistry using default registry
54 silly mapToRegistry registry https://registry.npmjs.org/
55 silly mapToRegistry data Result {
55 silly mapToRegistry   raw: 'printen',
55 silly mapToRegistry   scope: null,
55 silly mapToRegistry   escapedName: 'printen',
55 silly mapToRegistry   name: 'printen',
55 silly mapToRegistry   rawSpec: '',
55 silly mapToRegistry   spec: 'latest',
55 silly mapToRegistry   type: 'tag' }
56 silly mapToRegistry uri https://registry.npmjs.org/printen
57 verbose addNameVersion registry:https://registry.npmjs.org/printen not in flight; fetching
58 verbose get https://registry.npmjs.org/printen not expired, no request
59 silly mapToRegistry name printen
60 silly mapToRegistry using default registry
61 silly mapToRegistry registry https://registry.npmjs.org/
62 silly mapToRegistry data Result {
62 silly mapToRegistry   raw: 'printen',
62 silly mapToRegistry   scope: null,
62 silly mapToRegistry   escapedName: 'printen',
62 silly mapToRegistry   name: 'printen',
62 silly mapToRegistry   rawSpec: '',
62 silly mapToRegistry   spec: 'latest',
62 silly mapToRegistry   type: 'tag' }
63 silly mapToRegistry uri https://registry.npmjs.org/printen
64 verbose addRemoteTarball https://registry.npmjs.org/printen/-/printen-1.0.1-0.tgz not in flight; adding
65 verbose addRemoteTarball [ 'https://registry.npmjs.org/printen/-/printen-1.0.1-0.tgz',
65 verbose addRemoteTarball   '4a70cd35c8604e3bd592c6b330470764f181118a' ]
66 info retry fetch attempt 1 at 18:41:02
67 info attempt registry request try #1 at 18:41:02
68 http fetch GET https://registry.npmjs.org/printen/-/printen-1.0.1-0.tgz
69 info retry will retry, error on last attempt: Error: Hostname/IP doesn't match certificate's altnames: "Host: registry.npmjs.org. is not in the cert's altnames: DNS:www.ombord.info"
70 info attempt registry request try #2 at 18:41:12
71 http fetch GET https://registry.npmjs.org/printen/-/printen-1.0.1-0.tgz
72 info retry will retry, error on last attempt: Error: Hostname/IP doesn't match certificate's altnames: "Host: registry.npmjs.org. is not in the cert's altnames: DNS:www.ombord.info"
73 info attempt registry request try #3 at 18:42:12
74 http fetch GET https://registry.npmjs.org/printen/-/printen-1.0.1-0.tgz
75 error fetch failed https://registry.npmjs.org/printen/-/printen-1.0.1-0.tgz
76 warn retry will retry, error on last attempt: Error: Hostname/IP doesn't match certificate's altnames: "Host: registry.npmjs.org. is not in the cert's altnames: DNS:www.ombord.info"
77 info retry fetch attempt 2 at 18:42:22
78 info attempt registry request try #1 at 18:42:22
79 http fetch GET https://registry.npmjs.org/printen/-/printen-1.0.1-0.tgz
80 info retry will retry, error on last attempt: Error: Hostname/IP doesn't match certificate's altnames: "Host: registry.npmjs.org. is not in the cert's altnames: DNS:www.ombord.info"
81 info attempt registry request try #2 at 18:42:32
82 http fetch GET https://registry.npmjs.org/printen/-/printen-1.0.1-0.tgz
83 info retry will retry, error on last attempt: Error: Hostname/IP doesn't match certificate's altnames: "Host: registry.npmjs.org. is not in the cert's altnames: DNS:www.ombord.info"
84 info attempt registry request try #3 at 18:43:32
85 http fetch GET https://registry.npmjs.org/printen/-/printen-1.0.1-0.tgz
86 error fetch failed https://registry.npmjs.org/printen/-/printen-1.0.1-0.tgz
87 warn retry will retry, error on last attempt: Error: Hostname/IP doesn't match certificate's altnames: "Host: registry.npmjs.org. is not in the cert's altnames: DNS:www.ombord.info"
88 info retry fetch attempt 3 at 18:44:32
89 info attempt registry request try #1 at 18:44:32
90 http fetch GET https://registry.npmjs.org/printen/-/printen-1.0.1-0.tgz
91 info retry will retry, error on last attempt: Error: Hostname/IP doesn't match certificate's altnames: "Host: registry.npmjs.org. is not in the cert's altnames: DNS:www.ombord.info"
92 info attempt registry request try #2 at 18:44:42
93 http fetch GET https://registry.npmjs.org/printen/-/printen-1.0.1-0.tgz
94 info retry will retry, error on last attempt: Error: Hostname/IP doesn't match certificate's altnames: "Host: registry.npmjs.org. is not in the cert's altnames: DNS:www.ombord.info"
95 info attempt registry request try #3 at 18:45:42
96 http fetch GET https://registry.npmjs.org/printen/-/printen-1.0.1-0.tgz
97 error fetch failed https://registry.npmjs.org/printen/-/printen-1.0.1-0.tgz
98 silly rollbackFailedOptional Starting
99 silly rollbackFailedOptional Finishing
100 silly runTopLevelLifecycles Finishing
101 silly install printInstalled
102 verbose stack Error: Hostname/IP doesn't match certificate's altnames: "Host: registry.npmjs.org. is not in the cert's altnames: DNS:www.ombord.info"
102 verbose stack     at Object.checkServerIdentity (tls.js:199:17)
102 verbose stack     at TLSSocket.<anonymous> (_tls_wrap.js:1085:29)
102 verbose stack     at emitNone (events.js:86:13)
102 verbose stack     at TLSSocket.emit (events.js:185:7)
102 verbose stack     at TLSSocket._finishInit (_tls_wrap.js:603:8)
102 verbose stack     at TLSWrap.ssl.onhandshakedone (_tls_wrap.js:433:38)
103 verbose cwd /Users/florianbreisch/github/atom-editorconfig
104 error Darwin 15.6.0
105 error argv "/Applications/Atom.app/Contents/Resources/app/apm/bin/node" "/Applications/Atom.app/Contents/Resources/app/apm/node_modules/npm/bin/npm-cli.js" "--globalconfig" "/Users/florianbreisch/.atom/.apm/.apmrc" "--userconfig" "/Users/florianbreisch/.atom/.apmrc" "install" "--runtime=electron" "--target=1.7.15" "--arch=x64"
106 error node v6.9.5
107 error npm  v3.10.10
108 error Hostname/IP doesn't match certificate's altnames: "Host: registry.npmjs.org. is not in the cert's altnames: DNS:www.ombord.info"
109 error If you need help, you may report this error at:
109 error     <https://github.com/npm/npm/issues>
110 verbose exit [ 1, true ]
